<?xml version="1.0" encoding="UTF-8"?>
<!-- Generated by org.testng.reporters.JUnitReportReporter -->
<testsuite hostname="DESKTOP-VEKGV87" failures="0" tests="1" name="testPackage.TestClass" time="82.235" errors="0" timestamp="2024-06-14T16:10:11 IST" skipped="0">
  <testcase classname="testPackage.TestClass" name="logintest" time="82.235"/>
</testsuite> <!-- testPackage.TestClass -->
